# JRE version: OpenJDK Runtime Environment Temurin-17.0.12+7 (17.0.12+7) (build 17.0.12+7)
# Java VM: OpenJDK 64-Bit Server VM Temurin-17.0.12+7 (17.0.12+7, mixed mode, emulated-client, tiered, compressed oops, compressed class ptrs, g1 gc, windows-amd64)
GC Precious Log:
 CPUs: 4 total, 4 available
 Memory: 3893M
 Large Page Support: Disabled
 NUMA Support: Disabled
 Compressed Oops: Enabled (32-bit)
 Heap Region Size: 1M
 Heap Min Capacity: 8M
 Heap Initial Capacity: 62M
 Heap Max Capacity: 1G
 Pre-touch: Disabled
 Parallel Workers: 4
 Concurrent Workers: 1
 Concurrent Refinement Workers: 4
 Periodic GC: Disabled
Heap:
 garbage-first heap   total 104448K, used 33752K [0x00000000c0000000, 0x0000000100000000)
  region size 1024K, 1 young (1024K), 0 survivors (0K)
 Metaspace       used 61652K, committed 62016K, reserved 1114112K
  class space    used 7772K, committed 7936K, reserved 1048576K
GC Heap History (20 events):
Event: 15004.962 GC heap after
{Heap after GC invocations=893 (full 870):
 garbage-first heap   total 104448K, used 33752K [0x00000000c0000000, 0x0000000100000000)
  region size 1024K, 0 young (0K), 0 survivors (0K)
 Metaspace       used 61652K, committed 62016K, reserved 1114112K
  class space    used 7772K, committed 7936K, reserved 1048576K
}
Event: 15015.019 GC heap before
{Heap before GC invocations=893 (full 870):
 garbage-first heap   total 104448K, used 33752K [0x00000000c0000000, 0x0000000100000000)
  region size 1024K, 1 young (1024K), 0 survivors (0K)
 Metaspace       used 61652K, committed 62016K, reserved 1114112K
  class space    used 7772K, committed 7936K, reserved 1048576K
}
Event: 15015.084 GC heap after
{Heap after GC invocations=894 (full 871):
 garbage-first heap   total 104448K, used 33752K [0x00000000c0000000, 0x0000000100000000)
  region size 1024K, 0 young (0K), 0 survivors (0K)
 Metaspace       used 61652K, committed 62016K, reserved 1114112K
  class space    used 7772K, committed 7936K, reserved 1048576K
}
Event: 15025.147 GC heap before
{Heap before GC invocations=894 (full 871):
 garbage-first heap   total 104448K, used 33752K [0x00000000c0000000, 0x0000000100000000)
  region size 1024K, 1 young (1024K), 0 survivors (0K)
 Metaspace       used 61652K, committed 62016K, reserved 1114112K
  class space    used 7772K, committed 7936K, reserved 1048576K
}
Event: 15025.218 GC heap after
{Heap after GC invocations=895 (full 872):
 garbage-first heap   total 104448K, used 33752K [0x00000000c0000000, 0x0000000100000000)
  region size 1024K, 0 young (0K), 0 survivors (0K)
 Metaspace       used 61652K, committed 62016K, reserved 1114112K
  class space    used 7772K, committed 7936K, reserved 1048576K
}
Event: 15035.281 GC heap before
{Heap before GC invocations=895 (full 872):
 garbage-first heap   total 104448K, used 33752K [0x00000000c0000000, 0x0000000100000000)
  region size 1024K, 1 young (1024K), 0 survivors (0K)
 Metaspace       used 61652K, committed 62016K, reserved 1114112K
  class space    used 7772K, committed 7936K, reserved 1048576K
}
Event: 15035.362 GC heap after
{Heap after GC invocations=896 (full 873):
 garbage-first heap   total 104448K, used 33752K [0x00000000c0000000, 0x0000000100000000)
  region size 1024K, 0 young (0K), 0 survivors (0K)
 Metaspace       used 61652K, committed 62016K, reserved 1114112K
  class space    used 7772K, committed 7936K, reserved 1048576K
}
Event: 15045.451 GC heap before
{Heap before GC invocations=896 (full 873):
 garbage-first heap   total 104448K, used 33752K [0x00000000c0000000, 0x0000000100000000)
  region size 1024K, 1 young (1024K), 0 survivors (0K)
 Metaspace       used 61652K, committed 62016K, reserved 1114112K
  class space    used 7772K, committed 7936K, reserved 1048576K
}
Event: 15045.527 GC heap after
{Heap after GC invocations=897 (full 874):
 garbage-first heap   total 104448K, used 33752K [0x00000000c0000000, 0x0000000100000000)
  region size 1024K, 0 young (0K), 0 survivors (0K)
 Metaspace       used 61652K, committed 62016K, reserved 1114112K
  class space    used 7772K, committed 7936K, reserved 1048576K
}
Event: 15055.585 GC heap before
{Heap before GC invocations=897 (full 874):
 garbage-first heap   total 104448K, used 33752K [0x00000000c0000000, 0x0000000100000000)
  region size 1024K, 1 young (1024K), 0 survivors (0K)
 Metaspace       used 61652K, committed 62016K, reserved 1114112K
  class space    used 7772K, committed 7936K, reserved 1048576K
}
Event: 15055.646 GC heap after
{Heap after GC invocations=898 (full 875):
 garbage-first heap   total 104448K, used 33752K [0x00000000c0000000, 0x0000000100000000)
  region size 1024K, 0 young (0K), 0 survivors (0K)
 Metaspace       used 61652K, committed 62016K, reserved 1114112K
  class space    used 7772K, committed 7936K, reserved 1048576K
}
Event: 15065.699 GC heap before
{Heap before GC invocations=898 (full 875):
 garbage-first heap   total 104448K, used 33752K [0x00000000c0000000, 0x0000000100000000)
  region size 1024K, 1 young (1024K), 0 survivors (0K)
 Metaspace       used 61652K, committed 62016K, reserved 1114112K
  class space    used 7772K, committed 7936K, reserved 1048576K
}
Event: 15065.764 GC heap after
{Heap after GC invocations=899 (full 876):
 garbage-first heap   total 104448K, used 33752K [0x00000000c0000000, 0x0000000100000000)
  region size 1024K, 0 young (0K), 0 survivors (0K)
 Metaspace       used 61652K, committed 62016K, reserved 1114112K
  class space    used 7772K, committed 7936K, reserved 1048576K
}
Event: 15075.957 GC heap before
{Heap before GC invocations=899 (full 876):
 garbage-first heap   total 104448K, used 33752K [0x00000000c0000000, 0x0000000100000000)
  region size 1024K, 1 young (1024K), 0 survivors (0K)
 Metaspace       used 61652K, committed 62016K, reserved 1114112K
  class space    used 7772K, committed 7936K, reserved 1048576K
}
Event: 15076.035 GC heap after
{Heap after GC invocations=900 (full 877):
 garbage-first heap   total 104448K, used 33752K [0x00000000c0000000, 0x0000000100000000)
  region size 1024K, 0 young (0K), 0 survivors (0K)
 Metaspace       used 61652K, committed 62016K, reserved 1114112K
  class space    used 7772K, committed 7936K, reserved 1048576K
}
Event: 15086.646 GC heap before
{Heap before GC invocations=900 (full 877):
 garbage-first heap   total 104448K, used 33752K [0x00000000c0000000, 0x0000000100000000)
  region size 1024K, 1 young (1024K), 0 survivors (0K)
 Metaspace       used 61652K, committed 62016K, reserved 1114112K
  class space    used 7772K, committed 7936K, reserved 1048576K
}
Event: 15086.733 GC heap after
{Heap after GC invocations=901 (full 878):
 garbage-first heap   total 104448K, used 33752K [0x00000000c0000000, 0x0000000100000000)
  region size 1024K, 0 young (0K), 0 survivors (0K)
 Metaspace       used 61652K, committed 62016K, reserved 1114112K
  class space    used 7772K, committed 7936K, reserved 1048576K
}
Event: 15097.282 GC heap before
{Heap before GC invocations=901 (full 878):
 garbage-first heap   total 104448K, used 33752K [0x00000000c0000000, 0x0000000100000000)
  region size 1024K, 1 young (1024K), 0 survivors (0K)
 Metaspace       used 61652K, committed 62016K, reserved 1114112K
  class space    used 7772K, committed 7936K, reserved 1048576K
}
Event: 15097.371 GC heap after
{Heap after GC invocations=902 (full 879):
 garbage-first heap   total 104448K, used 33752K [0x00000000c0000000, 0x0000000100000000)
  region size 1024K, 0 young (0K), 0 survivors (0K)
 Metaspace       used 61652K, committed 62016K, reserved 1114112K
  class space    used 7772K, committed 7936K, reserved 1048576K
}
Event: 15120.190 GC heap before
{Heap before GC invocations=902 (full 879):
 garbage-first heap   total 104448K, used 33752K [0x00000000c0000000, 0x0000000100000000)
  region size 1024K, 1 young (1024K), 0 survivors (0K)
 Metaspace       used 61652K, committed 62016K, reserved 1114112K
  class space    used 7772K, committed 7936K, reserved 1048576K
}

